Base path: C:/Program Files (x86)/Unity4/Editor/Data
Pipe name: \\.\pipe\UnityShaderCompiler-8-2208
Cmd: getPlatforms
Cmd: compileSnippet
  api=9 type=0 insize=19342 outsize=3051 kw= ok=1
Cmd: compileSnippet
  api=9 type=1 insize=19329 outsize=7 kw= ok=1
Cmd: compileSnippet
  api=9 type=0 insize=19334 outsize=1388 kw= ok=1
Cmd: compileSnippet
  api=9 type=1 insize=19327 outsize=7 kw= ok=1
Cmd: compileSnippet
  api=9 type=0 insize=19343 outsize=4219 kw= ok=1
Cmd: compileSnippet
  api=9 type=1 insize=19353 outsize=7 kw= ok=1
Cmd: compileSnippet
  api=9 type=0 insize=19333 outsize=2109 kw= ok=1
Cmd: compileSnippet
  api=9 type=1 insize=19350 outsize=7 kw= ok=1
Cmd: compileSnippet
  api=9 type=0 insize=2599 outsize=3090 kw= ok=1
Cmd: compileSnippet
  api=9 type=1 insize=2733 outsize=7 kw= ok=1
Cmd: compileSnippet
  api=9 type=0 insize=1260 outsize=1014 kw= ok=1
Cmd: compileSnippet
  api=9 type=1 insize=949 outsize=7 kw= ok=1
Cmd: compileSnippet
  api=9 type=0 insize=1282 outsize=1276 kw= ok=1
Cmd: compileSnippet
  api=9 type=1 insize=1333 outsize=7 kw= ok=1
Unhandled exception: Readfile from pipe failed. GLE=管道已结束。


Quitting shader compiler process
