Base path: C:/Program Files (x86)/Unity4/Editor/Data
Pipe name: \\.\pipe\UnityShaderCompiler-5-2788
Cmd: getPlatforms
Cmd: compileSnippet
  api=9 type=0 insize=19346 outsize=5289 kw= ok=1
Cmd: compileSnippet
  api=9 type=1 insize=19325 outsize=7 kw= ok=1
Cmd: compileSnippet
  api=9 type=0 insize=19328 outsize=2109 kw= ok=1
Cmd: compileSnippet
  api=9 type=1 insize=19339 outsize=7 kw= ok=1
Cmd: compileSnippet
  api=9 type=0 insize=19345 outsize=1106 kw= ok=1
Cmd: compileSnippet
  api=9 type=1 insize=19338 outsize=7 kw= ok=1
Cmd: compileSnippet
  api=9 type=0 insize=19333 outsize=3749 kw= ok=1
Cmd: compileSnippet
  api=9 type=1 insize=19331 outsize=7 kw= ok=1
Cmd: compileSnippet
  api=9 type=0 insize=19350 outsize=645 kw= ok=1
Cmd: compileSnippet
  api=9 type=1 insize=2599 outsize=7 kw= ok=1
Unhandled exception: Readfile from pipe failed. GLE=管道已结束。


Quitting shader compiler process
