Base path: C:/Program Files (x86)/Unity4/Editor/Data
Pipe name: \\.\pipe\UnityShaderCompiler-4-7488
Cmd: getPlatforms
Cmd: compileSnippet
  api=9 type=0 insize=1603 outsize=1858 kw= ok=1
Cmd: compileSnippet
  api=9 type=1 insize=19335 outsize=7 kw= ok=1
Cmd: compileSnippet
  api=9 type=0 insize=19341 outsize=1037 kw= ok=1
Cmd: compileSnippet
  api=9 type=1 insize=19328 outsize=7 kw= ok=1
Cmd: compileSnippet
  api=9 type=0 insize=19335 outsize=791 kw= ok=1
Cmd: compileSnippet
  api=9 type=1 insize=19345 outsize=7 kw= ok=1
Cmd: compileSnippet
  api=9 type=0 insize=19345 outsize=1171 kw= ok=1
Cmd: compileSnippet
  api=9 type=1 insize=19333 outsize=7 kw= ok=1
Cmd: compileSnippet
  api=9 type=0 insize=19327 outsize=838 kw= ok=1
Cmd: compileSnippet
  api=9 type=1 insize=19335 outsize=7 kw= ok=1
Cmd: compileSnippet
  api=9 type=0 insize=1203 outsize=1140 kw= ok=1
Cmd: compileSnippet
  api=9 type=1 insize=1322 outsize=7 kw= ok=1
Cmd: compileSnippet
  api=9 type=0 insize=2737 outsize=1633 kw= ok=1
Cmd: compileSnippet
  api=9 type=1 insize=1260 outsize=7 kw= ok=1
Cmd: compileSnippet
  api=9 type=0 insize=1260 outsize=1339 kw= ok=1
Cmd: compileSnippet
  api=9 type=1 insize=1282 outsize=7 kw= ok=1
Cmd: compileSnippet
  api=9 type=0 insize=1051 outsize=1052 kw= ok=1
Unhandled exception: Readfile from pipe failed. GLE=管道已结束。


Quitting shader compiler process
