Base path: C:/Program Files (x86)/Unity4/Editor/Data
Pipe name: \\.\pipe\UnityShaderCompiler-6-3460
Cmd: getPlatforms
Cmd: compileSnippet
  api=9 type=1 insize=19341 outsize=7 kw= ok=1
Cmd: compileSnippet
  api=9 type=0 insize=19329 outsize=1250 kw= ok=1
Cmd: compileSnippet
  api=9 type=1 insize=19344 outsize=7 kw= ok=1
Cmd: compileSnippet
  api=9 type=0 insize=19353 outsize=4394 kw= ok=1
Cmd: compileSnippet
  api=9 type=1 insize=1274 outsize=7 kw= ok=1
Cmd: compileSnippet
  api=9 type=0 insize=1218 outsize=1116 kw= ok=1
Cmd: compileSnippet
  api=9 type=1 insize=1277 outsize=7 kw= ok=1
Cmd: compileSnippet
  api=9 type=0 insize=942 outsize=631 kw= ok=1
Cmd: compileSnippet
  api=9 type=1 insize=1051 outsize=7 kw= ok=1
Unhandled exception: Readfile from pipe failed. GLE=管道已结束。


Quitting shader compiler process
